[2025-01-31 09:25:26] local.ERROR: SQLSTATE[HY000] [14] unable to open database file (Connection: sqlite, SQL: PRAGMA foreign_keys = ON;) {"exception":"[object] (Illuminate\\Database\\QueryException(code: 14): SQLSTATE[HY000] [14] unable to open database file (Connection: sqlite, SQL: PRAGMA foreign_keys = ON;) at /Applications/MAMP/htdocs/BLOG/vendor/laravel/framework/src/Illuminate/Database/Connection.php:825)
[stacktrace]
#0 /Applications/MAMP/htdocs/BLOG/vendor/laravel/framework/src/Illuminate/Database/Connection.php(779): Illuminate\\Database\\Connection->runQueryCallback('PRAGMA foreign_...', Array, Object(Closure))
#1 /Applications/MAMP/htdocs/BLOG/vendor/laravel/framework/src/Illuminate/Database/Connection.php(560): Illuminate\\Database\\Connection->run('PRAGMA foreign_...', Array, Object(Closure))
#2 /Applications/MAMP/htdocs/BLOG/vendor/laravel/framework/src/Illuminate/Database/Schema/Builder.php(522): Illuminate\\Database\\Connection->statement('PRAGMA foreign_...')
#3 /Applications/MAMP/htdocs/BLOG/vendor/laravel/framework/src/Illuminate/Database/SQLiteConnection.php(59): Illuminate\\Database\\Schema\\Builder->enableForeignKeyConstraints()
#4 /Applications/MAMP/htdocs/BLOG/vendor/laravel/framework/src/Illuminate/Database/SQLiteConnection.php(28): Illuminate\\Database\\SQLiteConnection->configureForeignKeyConstraints()
#5 /Applications/MAMP/htdocs/BLOG/vendor/laravel/framework/src/Illuminate/Database/Connectors/ConnectionFactory.php(277): Illuminate\\Database\\SQLiteConnection->__construct(Object(Closure), '', '', Array)
#6 /Applications/MAMP/htdocs/BLOG/vendor/laravel/framework/src/Illuminate/Database/Connectors/ConnectionFactory.php(76): Illuminate\\Database\\Connectors\\ConnectionFactory->createConnection('sqlite', Object(Closure), '', '', Array)
#7 /Applications/MAMP/htdocs/BLOG/vendor/laravel/framework/src/Illuminate/Database/Connectors/ConnectionFactory.php(51): Illuminate\\Database\\Connectors\\ConnectionFactory->createSingleConnection(Array)
#8 /Applications/MAMP/htdocs/BLOG/vendor/laravel/framework/src/Illuminate/Database/DatabaseManager.php(207): Illuminate\\Database\\Connectors\\ConnectionFactory->make(Array, 'sqlite')
#9 /Applications/MAMP/htdocs/BLOG/vendor/laravel/framework/src/Illuminate/Database/DatabaseManager.php(103): Illuminate\\Database\\DatabaseManager->makeConnection('sqlite')
#10 /Applications/MAMP/htdocs/BLOG/vendor/laravel/framework/src/Illuminate/Database/DatabaseServiceProvider.php(74): Illuminate\\Database\\DatabaseManager->connection()
#11 /Applications/MAMP/htdocs/BLOG/vendor/laravel/framework/src/Illuminate/Container/Container.php(937): Illuminate\\Database\\DatabaseServiceProvider->{closure:Illuminate\\Database\\DatabaseServiceProvider::registerConnectionServices():73}(Object(Illuminate\\Foundation\\Application), Array)
#12 /Applications/MAMP/htdocs/BLOG/vendor/laravel/framework/src/Illuminate/Container/Container.php(819): Illuminate\\Container\\Container->build(Object(Closure))
#13 /Applications/MAMP/htdocs/BLOG/vendor/laravel/framework/src/Illuminate/Foundation/Application.php(1074): Illuminate\\Container\\Container->resolve('db.schema', Array, true)
#14 /Applications/MAMP/htdocs/BLOG/vendor/laravel/framework/src/Illuminate/Container/Container.php(755): Illuminate\\Foundation\\Application->resolve('db.schema', Array)
#15 /Applications/MAMP/htdocs/BLOG/vendor/laravel/framework/src/Illuminate/Foundation/Application.php(1056): Illuminate\\Container\\Container->make('db.schema', Array)
#16 /Applications/MAMP/htdocs/BLOG/vendor/laravel/framework/src/Illuminate/Container/Container.php(1565): Illuminate\\Foundation\\Application->make('db.schema')
#17 /Applications/MAMP/htdocs/BLOG/vendor/laravel/framework/src/Illuminate/Support/Facades/Facade.php(242): Illuminate\\Container\\Container->offsetGet('db.schema')
#18 /Applications/MAMP/htdocs/BLOG/vendor/laravel/framework/src/Illuminate/Support/Facades/Facade.php(210): Illuminate\\Support\\Facades\\Facade::resolveFacadeInstance('db.schema')
#19 /Applications/MAMP/htdocs/BLOG/vendor/laravel/framework/src/Illuminate/Support/Facades/Facade.php(355): Illuminate\\Support\\Facades\\Facade::getFacadeRoot()
#20 /Applications/MAMP/htdocs/BLOG/app/Providers/AppServiceProvider.php(24): Illuminate\\Support\\Facades\\Facade::__callStatic('defaultStringLe...', Array)
#21 /Applications/MAMP/htdocs/BLOG/vendor/laravel/framework/src/Illuminate/Container/BoundMethod.php(36): App\\Providers\\AppServiceProvider->boot()
#22 /Applications/MAMP/htdocs/BLOG/vendor/laravel/framework/src/Illuminate/Container/Util.php(43): Illuminate\\Container\\BoundMethod::{closure:Illuminate\\Container\\BoundMethod::call():35}()
#23 /Applications/MAMP/htdocs/BLOG/vendor/laravel/framework/src/Illuminate/Container/BoundMethod.php(95): Illuminate\\Container\\Util::unwrapIfClosure(Object(Closure))
#24 /Applications/MAMP/htdocs/BLOG/vendor/laravel/framework/src/Illuminate/Container/BoundMethod.php(35): Illuminate\\Container\\BoundMethod::callBoundMethod(Object(Illuminate\\Foundation\\Application), Array, Object(Closure))
#25 /Applications/MAMP/htdocs/BLOG/vendor/laravel/framework/src/Illuminate/Container/Container.php(694): Illuminate\\Container\\BoundMethod::call(Object(Illuminate\\Foundation\\Application), Array, Array, NULL)
#26 /Applications/MAMP/htdocs/BLOG/vendor/laravel/framework/src/Illuminate/Foundation/Application.php(1147): Illuminate\\Container\\Container->call(Array)
#27 /Applications/MAMP/htdocs/BLOG/vendor/laravel/framework/src/Illuminate/Foundation/Application.php(1128): Illuminate\\Foundation\\Application->bootProvider(Object(App\\Providers\\AppServiceProvider))
#28 [internal function]: Illuminate\\Foundation\\Application->{closure:Illuminate\\Foundation\\Application::boot():1127}(Object(App\\Providers\\AppServiceProvider), 'App\\\\Providers\\\\A...')
#29 /Applications/MAMP/htdocs/BLOG/vendor/laravel/framework/src/Illuminate/Foundation/Application.php(1127): array_walk(Array, Object(Closure))
#30 /Applications/MAMP/htdocs/BLOG/vendor/laravel/framework/src/Illuminate/Foundation/Bootstrap/BootProviders.php(17): Illuminate\\Foundation\\Application->boot()
#31 /Applications/MAMP/htdocs/BLOG/vendor/laravel/framework/src/Illuminate/Foundation/Application.php(342): Illuminate\\Foundation\\Bootstrap\\BootProviders->bootstrap(Object(Illuminate\\Foundation\\Application))
#32 /Applications/MAMP/htdocs/BLOG/vendor/laravel/framework/src/Illuminate/Foundation/Console/Kernel.php(474): Illuminate\\Foundation\\Application->bootstrapWith(Array)
#33 /Applications/MAMP/htdocs/BLOG/vendor/laravel/framework/src/Illuminate/Foundation/Console/Kernel.php(196): Illuminate\\Foundation\\Console\\Kernel->bootstrap()
#34 /Applications/MAMP/htdocs/BLOG/vendor/laravel/framework/src/Illuminate/Foundation/Application.php(1231): Illuminate\\Foundation\\Console\\Kernel->handle(Object(Symfony\\Component\\Console\\Input\\ArgvInput), Object(Symfony\\Component\\Console\\Output\\ConsoleOutput))
#35 /Applications/MAMP/htdocs/BLOG/artisan(13): Illuminate\\Foundation\\Application->handleCommand(Object(Symfony\\Component\\Console\\Input\\ArgvInput))
#36 {main}

[previous exception] [object] (PDOException(code: 14): SQLSTATE[HY000] [14] unable to open database file at /Applications/MAMP/htdocs/BLOG/vendor/laravel/framework/src/Illuminate/Database/Connectors/Connector.php:67)
[stacktrace]
#0 /Applications/MAMP/htdocs/BLOG/vendor/laravel/framework/src/Illuminate/Database/Connectors/Connector.php(67): PDO::connect('sqlite:/Applica...', NULL, Object(SensitiveParameterValue), Array)
#1 /Applications/MAMP/htdocs/BLOG/vendor/laravel/framework/src/Illuminate/Database/Connectors/Connector.php(44): Illuminate\\Database\\Connectors\\Connector->createPdoConnection('sqlite:/Applica...', NULL, Object(SensitiveParameterValue), Array)
#2 /Applications/MAMP/htdocs/BLOG/vendor/laravel/framework/src/Illuminate/Database/Connectors/SQLiteConnector.php(40): Illuminate\\Database\\Connectors\\Connector->createConnection('sqlite:/Applica...', Array, Array)
#3 /Applications/MAMP/htdocs/BLOG/vendor/laravel/framework/src/Illuminate/Database/Connectors/ConnectionFactory.php(224): Illuminate\\Database\\Connectors\\SQLiteConnector->connect(Array)
#4 [internal function]: Illuminate\\Database\\Connectors\\ConnectionFactory->{closure:Illuminate\\Database\\Connectors\\ConnectionFactory::createPdoResolverWithoutHosts():224}()
#5 /Applications/MAMP/htdocs/BLOG/vendor/laravel/framework/src/Illuminate/Database/Connection.php(1231): call_user_func(Object(Closure))
#6 /Applications/MAMP/htdocs/BLOG/vendor/laravel/framework/src/Illuminate/Database/Connection.php(565): Illuminate\\Database\\Connection->getPdo()
#7 /Applications/MAMP/htdocs/BLOG/vendor/laravel/framework/src/Illuminate/Database/Connection.php(812): Illuminate\\Database\\Connection->{closure:Illuminate\\Database\\Connection::statement():560}('PRAGMA foreign_...', Array)
#8 /Applications/MAMP/htdocs/BLOG/vendor/laravel/framework/src/Illuminate/Database/Connection.php(779): Illuminate\\Database\\Connection->runQueryCallback('PRAGMA foreign_...', Array, Object(Closure))
#9 /Applications/MAMP/htdocs/BLOG/vendor/laravel/framework/src/Illuminate/Database/Connection.php(560): Illuminate\\Database\\Connection->run('PRAGMA foreign_...', Array, Object(Closure))
#10 /Applications/MAMP/htdocs/BLOG/vendor/laravel/framework/src/Illuminate/Database/Schema/Builder.php(522): Illuminate\\Database\\Connection->statement('PRAGMA foreign_...')
#11 /Applications/MAMP/htdocs/BLOG/vendor/laravel/framework/src/Illuminate/Database/SQLiteConnection.php(59): Illuminate\\Database\\Schema\\Builder->enableForeignKeyConstraints()
#12 /Applications/MAMP/htdocs/BLOG/vendor/laravel/framework/src/Illuminate/Database/SQLiteConnection.php(28): Illuminate\\Database\\SQLiteConnection->configureForeignKeyConstraints()
#13 /Applications/MAMP/htdocs/BLOG/vendor/laravel/framework/src/Illuminate/Database/Connectors/ConnectionFactory.php(277): Illuminate\\Database\\SQLiteConnection->__construct(Object(Closure), '', '', Array)
#14 /Applications/MAMP/htdocs/BLOG/vendor/laravel/framework/src/Illuminate/Database/Connectors/ConnectionFactory.php(76): Illuminate\\Database\\Connectors\\ConnectionFactory->createConnection('sqlite', Object(Closure), '', '', Array)
#15 /Applications/MAMP/htdocs/BLOG/vendor/laravel/framework/src/Illuminate/Database/Connectors/ConnectionFactory.php(51): Illuminate\\Database\\Connectors\\ConnectionFactory->createSingleConnection(Array)
#16 /Applications/MAMP/htdocs/BLOG/vendor/laravel/framework/src/Illuminate/Database/DatabaseManager.php(207): Illuminate\\Database\\Connectors\\ConnectionFactory->make(Array, 'sqlite')
#17 /Applications/MAMP/htdocs/BLOG/vendor/laravel/framework/src/Illuminate/Database/DatabaseManager.php(103): Illuminate\\Database\\DatabaseManager->makeConnection('sqlite')
#18 /Applications/MAMP/htdocs/BLOG/vendor/laravel/framework/src/Illuminate/Database/DatabaseServiceProvider.php(74): Illuminate\\Database\\DatabaseManager->connection()
#19 /Applications/MAMP/htdocs/BLOG/vendor/laravel/framework/src/Illuminate/Container/Container.php(937): Illuminate\\Database\\DatabaseServiceProvider->{closure:Illuminate\\Database\\DatabaseServiceProvider::registerConnectionServices():73}(Object(Illuminate\\Foundation\\Application), Array)
#20 /Applications/MAMP/htdocs/BLOG/vendor/laravel/framework/src/Illuminate/Container/Container.php(819): Illuminate\\Container\\Container->build(Object(Closure))
#21 /Applications/MAMP/htdocs/BLOG/vendor/laravel/framework/src/Illuminate/Foundation/Application.php(1074): Illuminate\\Container\\Container->resolve('db.schema', Array, true)
#22 /Applications/MAMP/htdocs/BLOG/vendor/laravel/framework/src/Illuminate/Container/Container.php(755): Illuminate\\Foundation\\Application->resolve('db.schema', Array)
#23 /Applications/MAMP/htdocs/BLOG/vendor/laravel/framework/src/Illuminate/Foundation/Application.php(1056): Illuminate\\Container\\Container->make('db.schema', Array)
#24 /Applications/MAMP/htdocs/BLOG/vendor/laravel/framework/src/Illuminate/Container/Container.php(1565): Illuminate\\Foundation\\Application->make('db.schema')
#25 /Applications/MAMP/htdocs/BLOG/vendor/laravel/framework/src/Illuminate/Support/Facades/Facade.php(242): Illuminate\\Container\\Container->offsetGet('db.schema')
#26 /Applications/MAMP/htdocs/BLOG/vendor/laravel/framework/src/Illuminate/Support/Facades/Facade.php(210): Illuminate\\Support\\Facades\\Facade::resolveFacadeInstance('db.schema')
#27 /Applications/MAMP/htdocs/BLOG/vendor/laravel/framework/src/Illuminate/Support/Facades/Facade.php(355): Illuminate\\Support\\Facades\\Facade::getFacadeRoot()
#28 /Applications/MAMP/htdocs/BLOG/app/Providers/AppServiceProvider.php(24): Illuminate\\Support\\Facades\\Facade::__callStatic('defaultStringLe...', Array)
#29 /Applications/MAMP/htdocs/BLOG/vendor/laravel/framework/src/Illuminate/Container/BoundMethod.php(36): App\\Providers\\AppServiceProvider->boot()
#30 /Applications/MAMP/htdocs/BLOG/vendor/laravel/framework/src/Illuminate/Container/Util.php(43): Illuminate\\Container\\BoundMethod::{closure:Illuminate\\Container\\BoundMethod::call():35}()
#31 /Applications/MAMP/htdocs/BLOG/vendor/laravel/framework/src/Illuminate/Container/BoundMethod.php(95): Illuminate\\Container\\Util::unwrapIfClosure(Object(Closure))
#32 /Applications/MAMP/htdocs/BLOG/vendor/laravel/framework/src/Illuminate/Container/BoundMethod.php(35): Illuminate\\Container\\BoundMethod::callBoundMethod(Object(Illuminate\\Foundation\\Application), Array, Object(Closure))
#33 /Applications/MAMP/htdocs/BLOG/vendor/laravel/framework/src/Illuminate/Container/Container.php(694): Illuminate\\Container\\BoundMethod::call(Object(Illuminate\\Foundation\\Application), Array, Array, NULL)
#34 /Applications/MAMP/htdocs/BLOG/vendor/laravel/framework/src/Illuminate/Foundation/Application.php(1147): Illuminate\\Container\\Container->call(Array)
#35 /Applications/MAMP/htdocs/BLOG/vendor/laravel/framework/src/Illuminate/Foundation/Application.php(1128): Illuminate\\Foundation\\Application->bootProvider(Object(App\\Providers\\AppServiceProvider))
#36 [internal function]: Illuminate\\Foundation\\Application->{closure:Illuminate\\Foundation\\Application::boot():1127}(Object(App\\Providers\\AppServiceProvider), 'App\\\\Providers\\\\A...')
#37 /Applications/MAMP/htdocs/BLOG/vendor/laravel/framework/src/Illuminate/Foundation/Application.php(1127): array_walk(Array, Object(Closure))
#38 /Applications/MAMP/htdocs/BLOG/vendor/laravel/framework/src/Illuminate/Foundation/Bootstrap/BootProviders.php(17): Illuminate\\Foundation\\Application->boot()
#39 /Applications/MAMP/htdocs/BLOG/vendor/laravel/framework/src/Illuminate/Foundation/Application.php(342): Illuminate\\Foundation\\Bootstrap\\BootProviders->bootstrap(Object(Illuminate\\Foundation\\Application))
#40 /Applications/MAMP/htdocs/BLOG/vendor/laravel/framework/src/Illuminate/Foundation/Console/Kernel.php(474): Illuminate\\Foundation\\Application->bootstrapWith(Array)
#41 /Applications/MAMP/htdocs/BLOG/vendor/laravel/framework/src/Illuminate/Foundation/Console/Kernel.php(196): Illuminate\\Foundation\\Console\\Kernel->bootstrap()
#42 /Applications/MAMP/htdocs/BLOG/vendor/laravel/framework/src/Illuminate/Foundation/Application.php(1231): Illuminate\\Foundation\\Console\\Kernel->handle(Object(Symfony\\Component\\Console\\Input\\ArgvInput), Object(Symfony\\Component\\Console\\Output\\ConsoleOutput))
#43 /Applications/MAMP/htdocs/BLOG/artisan(13): Illuminate\\Foundation\\Application->handleCommand(Object(Symfony\\Component\\Console\\Input\\ArgvInput))
#44 {main}
"} 
